<?xml version="1.0" encoding="UTF-8"?>
<testng-results ignored="0" total="1" passed="1" failed="0" skipped="0">
  <reporter-output>
  </reporter-output>
  <suite started-at="2025-03-24T14:08:57 IST" name="Default suite" finished-at="2025-03-24T14:09:21 IST" duration-ms="24356">
    <groups>
      <group name="cucumber">
        <method signature="AbstractTestNGCucumberTests.runScenario(io.cucumber.testng.PickleWrapper,io.cucumber.testng.FeatureWrapper)[pri:0, instance:com.TastyNibbles.TestRunner.LogoutNG@74bada02]" name="runScenario" class="io.cucumber.testng.AbstractTestNGCucumberTests"/>
      </group> <!-- cucumber -->
    </groups>
    <test started-at="2025-03-24T14:08:57 IST" name="Default test" finished-at="2025-03-24T14:09:21 IST" duration-ms="24356">
      <class name="com.TastyNibbles.TestRunner.LogoutNG">
        <test-method is-config="true" signature="setUpClass(org.testng.ITestContext)[pri:0, instance:com.TastyNibbles.TestRunner.LogoutNG@74bada02]" started-at="2025-03-24T14:08:57 IST" name="setUpClass" finished-at="2025-03-24T14:08:58 IST" duration-ms="410" status="PASS">
          <params>
            <param index="0">
              <value>
                <![CDATA[org.testng.TestRunner@2bfc8558]]>
              </value>
            </param>
          </params>
          <reporter-output>
          </reporter-output>
        </test-method> <!-- setUpClass -->
        <test-method signature="runScenario(io.cucumber.testng.PickleWrapper,io.cucumber.testng.FeatureWrapper)[pri:0, instance:com.TastyNibbles.TestRunner.LogoutNG@74bada02]" started-at="2025-03-24T14:08:58 IST" name="runScenario" description="Runs Cucumber Scenarios" data-provider="scenarios" finished-at="2025-03-24T14:09:21 IST" duration-ms="23817" status="PASS">
          <params>
            <param index="0">
              <value>
                <![CDATA["Successful Logout and Session Verification"]]>
              </value>
            </param>
            <param index="1">
              <value>
                <![CDATA["User LogOut"]]>
              </value>
            </param>
          </params>
          <reporter-output>
          </reporter-output>
        </test-method> <!-- runScenario -->
        <test-method is-config="true" signature="tearDownClass()[pri:0, instance:com.TastyNibbles.TestRunner.LogoutNG@74bada02]" started-at="2025-03-24T14:09:21 IST" name="tearDownClass" finished-at="2025-03-24T14:09:21 IST" duration-ms="25" status="PASS">
          <reporter-output>
          </reporter-output>
        </test-method> <!-- tearDownClass -->
      </class> <!-- com.TastyNibbles.TestRunner.LogoutNG -->
    </test> <!-- Default test -->
  </suite> <!-- Default suite -->
</testng-results>
