<?xml version="1.0" encoding="UTF-8"?>
<!-- Generated by org.testng.reporters.JUnitReportReporter -->
<testsuite hostname="jagadeesh" failures="1" tests="1" name="com.TastyNibbles.TestRunner.MultipleProductsToCartNG" time="37.490" errors="0" timestamp="2025-03-24T09:11:29 IST" skipped="0">
  <testcase classname="com.TastyNibbles.TestRunner.MultipleProductsToCartNG" name="runScenario" time="37.490">
    <failure message="The total price in the cart is incorrect. expected [30000.0] but found [15000.0]" type="java.lang.AssertionError">
      <![CDATA[java.lang.AssertionError: The total price in the cart is incorrect. expected [30000.0] but found [15000.0]
at org.testng.Assert.fail(Assert.java:111)
at org.testng.Assert.failNotEquals(Assert.java:1578)
at org.testng.Assert.assertEquals(Assert.java:698)
at com.TastyNibbles.Pages.Page5.verifyTotalPrice(Page5.java:40)
at com.TastyNibbles.StepDefinition.MultipleProductsToCart.verify_that_the_correct_products_and_total_price_are_displayed_is(MultipleProductsToCart.java:13)
at ✽.Verify that the correct products and total price are displayed is '30000.0'.(file:///C:/Users/pjaga/eclipse-workspace/TastyNibbles/src/test/resources/com.TastyNibbles.Feature/AddMultipleProductsToCart.feature:17)
]]>
    </failure>
  </testcase> <!-- runScenario -->
</testsuite> <!-- com.TastyNibbles.TestRunner.MultipleProductsToCartNG -->
