<?xml version="1.0" encoding="UTF-8"?>
<!-- Generated by org.testng.reporters.JUnitXMLReporter -->
<testsuite ignored="0" hostname="jagadeesh" failures="1" tests="7" name="Test" time="174.212" errors="0" timestamp="2025-03-24T09:11:29 IST">
  <testcase classname="io.cucumber.testng.AbstractTestNGCucumberTests" name="runScenario" time="24.454"/>
  <testcase classname="io.cucumber.testng.AbstractTestNGCucumberTests" name="runScenario" time="22.852"/>
  <testcase classname="io.cucumber.testng.AbstractTestNGCucumberTests" name="runScenario" time="28.59"/>
  <testcase classname="io.cucumber.testng.AbstractTestNGCucumberTests" name="runScenario" time="23.961"/>
  <testcase classname="io.cucumber.testng.AbstractTestNGCucumberTests" name="runScenario" time="18.525"/>
  <testcase classname="io.cucumber.testng.AbstractTestNGCucumberTests" name="runScenario" time="17.161"/>
  <testcase classname="io.cucumber.testng.AbstractTestNGCucumberTests" name="runScenario" time="37.49">
    <failure type="java.lang.AssertionError" message="The total price in the cart is incorrect. expected [30000.0] but found [15000.0]">
      <![CDATA[java.lang.AssertionError: The total price in the cart is incorrect. expected [30000.0] but found [15000.0]
at com.TastyNibbles.Pages.Page5.verifyTotalPrice(Page5.java:40)
at com.TastyNibbles.StepDefinition.MultipleProductsToCart.verify_that_the_correct_products_and_total_price_are_displayed_is(MultipleProductsToCart.java:13)
at ✽.Verify that the correct products and total price are displayed is '30000.0'.(file:///C:/Users/pjaga/eclipse-workspace/TastyNibbles/src/test/resources/com.TastyNibbles.Feature/AddMultipleProductsToCart.feature:17)
... Removed 3 stack frames]]>
    </failure>
  </testcase> <!-- runScenario -->
</testsuite> <!-- Test -->
