<?xml version="1.0" encoding="UTF-8"?>
<testsuite xmlns:xsi="http://www.w3.org/2001/XMLSchema-instance" xsi:noNamespaceSchemaLocation="https://maven.apache.org/surefire/maven-surefire-plugin/xsd/surefire-test-report-3.0.xsd" version="3.0" name="TestSuite" time="175.288" tests="7" errors="0" skipped="0" failures="1">
  <properties>
[...]
</properties>
  <testcase name="runScenario[&quot;User Registration with Invalid Data&quot;, &quot;User Registration&quot;](1)" classname="com.TastyNibbles.TestRunner.RegistrationNG" time="24.631">
    <system-out><![CDATA[
Scenario Outline: User Registration with Invalid Data              # src/test/resources/com.TastyNibbles.Feature/Registration.feature:18
  Given User opens the Browser                                     # com.TastyNibbles.StepDefinition.RegistrationScenario.user_opens_the_browser()
  And User navigate to the "https://www.tastynibbles.in/" web page # com.TastyNibbles.StepDefinition.RegistrationScenario.user_navigate_to_the_web_page(java.lang.String)
  When User clicks on Account link                                 # com.TastyNibbles.StepDefinition.RegistrationScenario.user_clicks_on_account_link()
  When user clicks on Create account link                          # com.TastyNibbles.StepDefinition.RegistrationScenario.user_clicks_on_create_account_link()
  When User enters 'Sai' in FirstName                              # com.TastyNibbles.StepDefinition.RegistrationScenario.user_enters_in_first_name(java.lang.String)
  And User enters  'Reddy' in LastName                             # com.TastyNibbles.StepDefinition.RegistrationScenario.user_enters_in_last_name(java.lang.String)
  And User enters 'saiiiki@gmail.com' in email                     # com.TastyNibbles.StepDefinition.RegistrationScenario.user_enters_in_email(java.lang.String)
  And User enters  '' in password                                  # com.TastyNibbles.StepDefinition.RegistrationScenario.user_enters_in_password(java.lang.String)
  And User clicks on Create button                                 # com.TastyNibbles.StepDefinition.RegistrationScenario.user_clicks_on_create_button()
Password can't be blank.
  Then User verifies the error message                             # com.TastyNibbles.StepDefinition.RegistrationScenario.user_verifies_the_error_message()
  And User closes the Browser                                      # com.TastyNibbles.StepDefinition.RegistrationScenario.user_closes_the_browser()
]]></system-out>
    <system-err><![CDATA[SLF4J: Failed to load class "org.slf4j.impl.StaticLoggerBinder".
SLF4J: Defaulting to no-operation (NOP) logger implementation
SLF4J: See http://www.slf4j.org/codes.html#StaticLoggerBinder for further details.
Mar 24, 2025 9:08:40 AM org.openqa.selenium.devtools.CdpVersionFinder findNearestMatch
WARNING: Unable to find CDP implementation matching 134
Mar 24, 2025 9:08:40 AM org.openqa.selenium.chromium.ChromiumDriver lambda$new$5
WARNING: Unable to find version of CDP to use for 134.0.6998.118. You may need to include a dependency on a specific version of the CDP using something similar to `org.seleniumhq.selenium:selenium-devtools-v86:4.17.0` where the version ("v86") matches the version of the chromium-based browser you're using and the version number of the artifact is the same as Selenium's.
]]></system-err>
  </testcase>
  <testcase name="runScenario[&quot;User Registration with Valid Data&quot;, &quot;User Registration&quot;](2)" classname="com.TastyNibbles.TestRunner.RegistrationNG" time="22.857">
    <system-out><![CDATA[
Scenario Outline: User Registration with Valid Data                # src/test/resources/com.TastyNibbles.Feature/Registration.feature:31
  Given User opens the Browser                                     # com.TastyNibbles.StepDefinition.RegistrationScenario.user_opens_the_browser()
  And User navigate to the "https://www.tastynibbles.in/" web page # com.TastyNibbles.StepDefinition.RegistrationScenario.user_navigate_to_the_web_page(java.lang.String)
  When User clicks on Account link                                 # com.TastyNibbles.StepDefinition.RegistrationScenario.user_clicks_on_account_link()
  When user clicks on Create account link                          # com.TastyNibbles.StepDefinition.RegistrationScenario.user_clicks_on_create_account_link()
  When User enters 'SaiLakshmi' in FirstName                       # com.TastyNibbles.StepDefinition.RegistrationScenario.user_enters_in_first_name(java.lang.String)
  And User enters  'Reddy' in LastName                             # com.TastyNibbles.StepDefinition.RegistrationScenario.user_enters_in_last_name(java.lang.String)
  And User enters 'gnfgadsarii@gmail.com' in email                 # com.TastyNibbles.StepDefinition.RegistrationScenario.user_enters_in_email(java.lang.String)
  And User enters  'aghngadasri@2' in password                     # com.TastyNibbles.StepDefinition.RegistrationScenario.user_enters_in_password(java.lang.String)
  And User clicks on Create button                                 # com.TastyNibbles.StepDefinition.RegistrationScenario.user_clicks_on_create_button()
Your Favourite Curries Made Easy
Order Now
  Then User verifies  registered successfully                      # com.TastyNibbles.StepDefinition.RegistrationScenario.user_verifies_registered_successfully()
  And User closes the Browser                                      # com.TastyNibbles.StepDefinition.RegistrationScenario.user_closes_the_browser()
]]></system-out>
    <system-err><![CDATA[Mar 24, 2025 9:09:01 AM org.openqa.selenium.devtools.CdpVersionFinder findNearestMatch
WARNING: Unable to find CDP implementation matching 134
Mar 24, 2025 9:09:01 AM org.openqa.selenium.chromium.ChromiumDriver lambda$new$5
WARNING: Unable to find version of CDP to use for 134.0.6998.118. You may need to include a dependency on a specific version of the CDP using something similar to `org.seleniumhq.selenium:selenium-devtools-v86:4.17.0` where the version ("v86") matches the version of the chromium-based browser you're using and the version number of the artifact is the same as Selenium's.
]]></system-err>
  </testcase>
  <testcase name="runScenario[&quot;User Login, Product Search, and Adding to Cart&quot;, &quot;Actions&quot;](1)" classname="com.TastyNibbles.TestRunner.SearchAddNG" time="28.599">
    <system-out><![CDATA[
Scenario Outline: User Login, Product Search, and Adding to Cart          # src/test/resources/com.TastyNibbles.Feature/SearchAdd.feature:18
  Given User opens the Browser                                            # com.TastyNibbles.StepDefinition.RegistrationScenario.user_opens_the_browser()
  And User navigate to the "https://www.tastynibbles.in/" web page        # com.TastyNibbles.StepDefinition.RegistrationScenario.user_navigate_to_the_web_page(java.lang.String)
  When User clicks on Account link                                        # com.TastyNibbles.StepDefinition.RegistrationScenario.user_clicks_on_account_link()
  When User enters 'sailakshmireddy@gmail.com' in email field             # com.TastyNibbles.StepDefinition.ProductSearchScenario.user_enters_in_email_field(java.lang.String)
  And User enters 'SaiReddy@2' in password field                          # com.TastyNibbles.StepDefinition.ProductSearchScenario.user_enters_in_password_field(java.lang.String)
  And User clicks on Sign In button                                       # com.TastyNibbles.StepDefinition.ProductSearchScenario.user_clicks_on_sign_in_button()
  When User types in 'pickles' about Productname                          # com.TastyNibbles.StepDefinition.ProductSearchScenario.user_types_in_about_productname(java.lang.String)
  And User selects the 'Chicken Pickle 200g' from the search results page # com.TastyNibbles.StepDefinition.ProductSearchScenario.user_selects_the_from_the_search_results_page(java.lang.String)
  And User clicks on Add to Cart link                                     # com.TastyNibbles.StepDefinition.ProductSearchScenario.user_clicks_on_add_to_cart_link()
  And User clicks the Cart button                                         # com.TastyNibbles.StepDefinition.ProductSearchScenario.user_clicks_the_cart_button()
Cart Product: Chicken Pickle 200g
Size: Pack 1
Quantity
−
+
₹ 19000
₹ 190.00
Found: Chicken Pickle 200g
  Then User verifies Product is added to the cart successfully            # com.TastyNibbles.StepDefinition.ProductSearchScenario.user_verifies_product_is_added_to_the_cart_successfully()
  And User closes the cart                                                # com.TastyNibbles.StepDefinition.ProductSearchScenario.user_closes_the_cart()
  And User closes the Browser                                             # com.TastyNibbles.StepDefinition.RegistrationScenario.user_closes_the_browser()
]]></system-out>
    <system-err><![CDATA[Mar 24, 2025 9:09:24 AM org.openqa.selenium.devtools.CdpVersionFinder findNearestMatch
WARNING: Unable to find CDP implementation matching 134
Mar 24, 2025 9:09:24 AM org.openqa.selenium.chromium.ChromiumDriver lambda$new$5
WARNING: Unable to find version of CDP to use for 134.0.6998.118. You may need to include a dependency on a specific version of the CDP using something similar to `org.seleniumhq.selenium:selenium-devtools-v86:4.17.0` where the version ("v86") matches the version of the chromium-based browser you're using and the version number of the artifact is the same as Selenium's.
]]></system-err>
  </testcase>
  <testcase name="runScenario[&quot;Successful Logout and Session Verification&quot;, &quot;User LogOut&quot;](1)" classname="com.TastyNibbles.TestRunner.LogoutNG" time="23.969">
    <system-out><![CDATA[
Scenario: Successful Logout and Session Verification                                 # src/test/resources/com.TastyNibbles.Feature/LoggingOut.feature:2
  Given User opens the Browser                                                       # com.TastyNibbles.StepDefinition.RegistrationScenario.user_opens_the_browser()
  And User navigate to the "https://www.tastynibbles.in/" web page                   # com.TastyNibbles.StepDefinition.RegistrationScenario.user_navigate_to_the_web_page(java.lang.String)
  When User clicks on Account link                                                   # com.TastyNibbles.StepDefinition.RegistrationScenario.user_clicks_on_account_link()
2025-03-24T03:40:03.569844800Z main ERROR Log4j API could not find a logging provider.
sailakshmireddy@gmail.com
SaiReddy@2
  When User enters the login Credentials                                             # com.TastyNibbles.StepDefinition.LoggingOutScenario.user_enters_the_login_credentials(io.cucumber.datatable.DataTable)
    | TestData.xlsx |
  And User clicks on Sign In button                                                  # com.TastyNibbles.StepDefinition.ProductSearchScenario.user_clicks_on_sign_in_button()
  And User selects Logout option                                                     # com.TastyNibbles.StepDefinition.LoggingOutScenario.user_selects_logout_option()
  Then User Verify that the session ends and the user is redirected to the homepage. # com.TastyNibbles.StepDefinition.LoggingOutScenario.user_verify_that_the_session_ends_and_the_user_is_redirected_to_the_homepage()
  And User closes the Browser                                                        # com.TastyNibbles.StepDefinition.RegistrationScenario.user_closes_the_browser()
]]></system-out>
    <system-err><![CDATA[Mar 24, 2025 9:09:53 AM org.openqa.selenium.devtools.CdpVersionFinder findNearestMatch
WARNING: Unable to find CDP implementation matching 134
Mar 24, 2025 9:09:53 AM org.openqa.selenium.chromium.ChromiumDriver lambda$new$5
WARNING: Unable to find version of CDP to use for 134.0.6998.118. You may need to include a dependency on a specific version of the CDP using something similar to `org.seleniumhq.selenium:selenium-devtools-v86:4.17.0` where the version ("v86") matches the version of the chromium-based browser you're using and the version number of the artifact is the same as Selenium's.
]]></system-err>
  </testcase>
  <testcase name="runScenario[&quot;User Login with Invalid Credentials&quot;, &quot;User Login&quot;](1)" classname="com.TastyNibbles.TestRunner.ValidandInvalidLoginNG" time="18.527">
    <system-out><![CDATA[
Scenario Outline: User Login with Invalid Credentials                                     # src/test/resources/com.TastyNibbles.Feature/LoginValidandInvalid.feature:16
  Given User opens the Browser                                                            # com.TastyNibbles.StepDefinition.RegistrationScenario.user_opens_the_browser()
  And User navigate to the "https://www.tastynibbles.in/" web page                        # com.TastyNibbles.StepDefinition.RegistrationScenario.user_navigate_to_the_web_page(java.lang.String)
  When User clicks on Account link                                                        # com.TastyNibbles.StepDefinition.RegistrationScenario.user_clicks_on_account_link()
  When User enters 'sai@gmail.com' in the email field                                     # com.TastyNibbles.StepDefinition.LoggingValidandInvalid.user_enters_in_the_email_field(java.lang.String)
  And User enters 'Sai' in the password field                                             # com.TastyNibbles.StepDefinition.LoggingValidandInvalid.user_enters_in_the_password_field(java.lang.String)
  And User clicks on Sign In button                                                       # com.TastyNibbles.StepDefinition.ProductSearchScenario.user_clicks_on_sign_in_button()
  Then User verifies the 'Incorrect email or password.' message displayed above the login # com.TastyNibbles.StepDefinition.LoggingValidandInvalid.user_verifies_the_message_displayed_above_the_login(java.lang.String)
  And User closes the Browser                                                             # com.TastyNibbles.StepDefinition.RegistrationScenario.user_closes_the_browser()
]]></system-out>
    <system-err><![CDATA[Mar 24, 2025 9:10:17 AM org.openqa.selenium.devtools.CdpVersionFinder findNearestMatch
WARNING: Unable to find CDP implementation matching 134
Mar 24, 2025 9:10:17 AM org.openqa.selenium.chromium.ChromiumDriver lambda$new$5
WARNING: Unable to find version of CDP to use for 134.0.6998.118. You may need to include a dependency on a specific version of the CDP using something similar to `org.seleniumhq.selenium:selenium-devtools-v86:4.17.0` where the version ("v86") matches the version of the chromium-based browser you're using and the version number of the artifact is the same as Selenium's.
]]></system-err>
  </testcase>
  <testcase name="runScenario[&quot;User Login with valid Credentials&quot;, &quot;User Login&quot;](2)" classname="com.TastyNibbles.TestRunner.ValidandInvalidLoginNG" time="17.163">
    <system-out><![CDATA[
Scenario Outline: User Login with valid Credentials                # src/test/resources/com.TastyNibbles.Feature/LoginValidandInvalid.feature:28
  Given User opens the Browser                                     # com.TastyNibbles.StepDefinition.RegistrationScenario.user_opens_the_browser()
  And User navigate to the "https://www.tastynibbles.in/" web page # com.TastyNibbles.StepDefinition.RegistrationScenario.user_navigate_to_the_web_page(java.lang.String)
  When User clicks on Account link                                 # com.TastyNibbles.StepDefinition.RegistrationScenario.user_clicks_on_account_link()
  When User enters 'anureddy@gmail.com' in the email field         # com.TastyNibbles.StepDefinition.LoggingValidandInvalid.user_enters_in_the_email_field(java.lang.String)
  And User enters 'Anu@3422' in the password field                 # com.TastyNibbles.StepDefinition.LoggingValidandInvalid.user_enters_in_the_password_field(java.lang.String)
  And User clicks on Sign In button                                # com.TastyNibbles.StepDefinition.ProductSearchScenario.user_clicks_on_sign_in_button()
Success message retrival failed: Session ID is null. Using WebDriver after calling quit()?
Build info: version: '4.17.0', revision: 'e52b1be057*'
System info: os.name: 'Windows 11', os.arch: 'amd64', os.version: '10.0', java.version: '21.0.2'
Driver info: org.openqa.selenium.chrome.ChromeDriver
Command: [null, findElement {value=//h1[@class="section-header__title"], using=xpath}]
Capabilities {acceptInsecureCerts: false, browserName: chrome, browserVersion: 134.0.6998.118, chrome: {chromedriverVersion: 134.0.6998.165 (fd886e2cb29..., userDataDir: C:\Users\pjaga\AppData\Loca...}, fedcm:accounts: true, goog:chromeOptions: {debuggerAddress: localhost:52273}, networkConnectionEnabled: false, pageLoadStrategy: normal, platformName: windows, proxy: Proxy(), se:cdp: ws://localhost:52273/devtoo..., se:cdpVersion: 134.0.6998.118, setWindowRect: true, strictFileInteractability: false, timeouts: {implicit: 0, pageLoad: 300000, script: 30000}, unhandledPromptBehavior: dismiss and notify, webauthn:extension:credBlob: true, webauthn:extension:largeBlob: true, webauthn:extension:minPinLength: true, webauthn:extension:prf: true, webauthn:virtualAuthenticators: true}
  Then User verifies that My account is displayed after login      # com.TastyNibbles.StepDefinition.LoggingValidandInvalid.user_verifies_that_my_account_is_displayed_after_login()
  And User closes the Browser                                      # com.TastyNibbles.StepDefinition.RegistrationScenario.user_closes_the_browser()
]]></system-out>
    <system-err><![CDATA[Mar 24, 2025 9:10:35 AM org.openqa.selenium.devtools.CdpVersionFinder findNearestMatch
WARNING: Unable to find CDP implementation matching 134
Mar 24, 2025 9:10:35 AM org.openqa.selenium.chromium.ChromiumDriver lambda$new$5
WARNING: Unable to find version of CDP to use for 134.0.6998.118. You may need to include a dependency on a specific version of the CDP using something similar to `org.seleniumhq.selenium:selenium-devtools-v86:4.17.0` where the version ("v86") matches the version of the chromium-based browser you're using and the version number of the artifact is the same as Selenium's.
]]></system-err>
  </testcase>
  <testcase name="runScenario[&quot;Adding Multiple Products to Cart &amp; Validating Cart Summary&quot;, &quot;Actions&quot;](1)" classname="com.TastyNibbles.TestRunner.MultipleProductsToCartNG" time="37.512">
    <failure message="The total price in the cart is incorrect. expected [30000.0] but found [15000.0]" type="java.lang.AssertionError"><![CDATA[java.lang.AssertionError: The total price in the cart is incorrect. expected [30000.0] but found [15000.0]
]]></failure>
    <system-out><![CDATA[
Scenario Outline: Adding Multiple Products to Cart & Validating Cart Summary        # src/test/resources/com.TastyNibbles.Feature/AddMultipleProductsToCart.feature:21
  Given User opens the Browser                                                      # com.TastyNibbles.StepDefinition.RegistrationScenario.user_opens_the_browser()
  And User navigate to the "https://www.tastynibbles.in/" web page                  # com.TastyNibbles.StepDefinition.RegistrationScenario.user_navigate_to_the_web_page(java.lang.String)
  When User clicks on Account link                                                  # com.TastyNibbles.StepDefinition.RegistrationScenario.user_clicks_on_account_link()
  When User enters 'sailakshmireddy@gmail.com' in email field                       # com.TastyNibbles.StepDefinition.ProductSearchScenario.user_enters_in_email_field(java.lang.String)
  And User enters 'SaiReddy@2' in password field                                    # com.TastyNibbles.StepDefinition.ProductSearchScenario.user_enters_in_password_field(java.lang.String)
  And User clicks on Sign In button                                                 # com.TastyNibbles.StepDefinition.ProductSearchScenario.user_clicks_on_sign_in_button()
  When User types in 'Fish' about Productname                                       # com.TastyNibbles.StepDefinition.ProductSearchScenario.user_types_in_about_productname(java.lang.String)
  And User selects the 'Vegetable Fish Curry 200g' from the search results page     # com.TastyNibbles.StepDefinition.ProductSearchScenario.user_selects_the_from_the_search_results_page(java.lang.String)
  And User clicks on Add to Cart link                                               # com.TastyNibbles.StepDefinition.ProductSearchScenario.user_clicks_on_add_to_cart_link()
  When User types in 'Snacks' about Productname                                     # com.TastyNibbles.StepDefinition.ProductSearchScenario.user_types_in_about_productname(java.lang.String)
  And User selects the 'Fried Masala Prawns 50gm' from the search results page      # com.TastyNibbles.StepDefinition.ProductSearchScenario.user_selects_the_from_the_search_results_page(java.lang.String)
  And User clicks on Add to Cart link                                               # com.TastyNibbles.StepDefinition.ProductSearchScenario.user_clicks_on_add_to_cart_link()
Total text from page: Subtotal - MRP
₹ 15000
Actual Total: 15000.0
Expected Total: 30000.0
  Then Verify that the correct products and total price are displayed is '30000.0'. # com.TastyNibbles.StepDefinition.MultipleProductsToCart.verify_that_the_correct_products_and_total_price_are_displayed_is(java.lang.String)
      java.lang.AssertionError: The total price in the cart is incorrect. expected [30000.0] but found [15000.0]
      	at org.testng.Assert.fail(Assert.java:111)
      	at org.testng.Assert.failNotEquals(Assert.java:1578)
      	at org.testng.Assert.assertEquals(Assert.java:698)
      	at com.TastyNibbles.Pages.Page5.verifyTotalPrice(Page5.java:40)
      	at com.TastyNibbles.StepDefinition.MultipleProductsToCart.verify_that_the_correct_products_and_total_price_are_displayed_is(MultipleProductsToCart.java:13)
      	at ✽.Verify that the correct products and total price are displayed is '30000.0'.(file:///C:/Users/pjaga/eclipse-workspace/TastyNibbles/src/test/resources/com.TastyNibbles.Feature/AddMultipleProductsToCart.feature:17)
  And User closes the Browser                                                       # com.TastyNibbles.StepDefinition.RegistrationScenario.user_closes_the_browser()
]]></system-out>
    <system-err><![CDATA[Mar 24, 2025 9:10:53 AM org.openqa.selenium.devtools.CdpVersionFinder findNearestMatch
WARNING: Unable to find CDP implementation matching 134
Mar 24, 2025 9:10:53 AM org.openqa.selenium.chromium.ChromiumDriver lambda$new$5
WARNING: Unable to find version of CDP to use for 134.0.6998.118. You may need to include a dependency on a specific version of the CDP using something similar to `org.seleniumhq.selenium:selenium-devtools-v86:4.17.0` where the version ("v86") matches the version of the chromium-based browser you're using and the version number of the artifact is the same as Selenium's.
]]></system-err>
  </testcase>
</testsuite>