-------------------------------------------------------------------------------
Test set: TestSuite
-------------------------------------------------------------------------------
Tests run: 7, Failures: 1, Errors: 0, Skipped: 0, Time elapsed: 175.288 s <<< FAILURE! - in TestSuite
com.TastyNibbles.TestRunner.MultipleProductsToCartNG.runScenario["Adding Multiple Products to Cart & Validating Cart Summary", "Actions"](1)  Time elapsed: 37.512 s  <<< FAILURE!
java.lang.AssertionError: The total price in the cart is incorrect. expected [30000.0] but found [15000.0]

