<?xml version="1.0" encoding="UTF-8"?>
<testng-results ignored="0" total="7" passed="6" failed="1" skipped="0">
  <reporter-output>
  </reporter-output>
  <suite started-at="2025-03-24T09:08:35 IST" name="Suite" finished-at="2025-03-24T09:11:29 IST" duration-ms="174212">
    <groups>
      <group name="cucumber">
        <method signature="AbstractTestNGCucumberTests.runScenario(io.cucumber.testng.PickleWrapper,io.cucumber.testng.FeatureWrapper)[pri:0, instance:com.TastyNibbles.TestRunner.LogoutNG@1e461e41]" name="runScenario" class="io.cucumber.testng.AbstractTestNGCucumberTests"/>
        <method signature="AbstractTestNGCucumberTests.runScenario(io.cucumber.testng.PickleWrapper,io.cucumber.testng.FeatureWrapper)[pri:0, instance:com.TastyNibbles.TestRunner.MultipleProductsToCartNG@56928307]" name="runScenario" class="io.cucumber.testng.AbstractTestNGCucumberTests"/>
        <method signature="AbstractTestNGCucumberTests.runScenario(io.cucumber.testng.PickleWrapper,io.cucumber.testng.FeatureWrapper)[pri:0, instance:com.TastyNibbles.TestRunner.RegistrationNG@7a1a14a4]" name="runScenario" class="io.cucumber.testng.AbstractTestNGCucumberTests"/>
        <method signature="AbstractTestNGCucumberTests.runScenario(io.cucumber.testng.PickleWrapper,io.cucumber.testng.FeatureWrapper)[pri:0, instance:com.TastyNibbles.TestRunner.SearchAddNG@5d066c7d]" name="runScenario" class="io.cucumber.testng.AbstractTestNGCucumberTests"/>
        <method signature="AbstractTestNGCucumberTests.runScenario(io.cucumber.testng.PickleWrapper,io.cucumber.testng.FeatureWrapper)[pri:0, instance:com.TastyNibbles.TestRunner.ValidandInvalidLoginNG@5ba88be8]" name="runScenario" class="io.cucumber.testng.AbstractTestNGCucumberTests"/>
      </group> <!-- cucumber -->
    </groups>
    <test started-at="2025-03-24T09:08:35 IST" name="Test" finished-at="2025-03-24T09:11:29 IST" duration-ms="174212">
      <class name="com.TastyNibbles.TestRunner.RegistrationNG">
        <test-method is-config="true" signature="setUpClass(org.testng.ITestContext)[pri:0, instance:com.TastyNibbles.TestRunner.RegistrationNG@7a1a14a4]" started-at="2025-03-24T09:08:35 IST" name="setUpClass" finished-at="2025-03-24T09:08:35 IST" duration-ms="591" status="PASS">
          <params>
            <param index="0">
              <value>
                <![CDATA[org.testng.TestRunner@55397d15]]>
              </value>
            </param>
          </params>
          <reporter-output>
          </reporter-output>
        </test-method> <!-- setUpClass -->
        <test-method signature="runScenario(io.cucumber.testng.PickleWrapper,io.cucumber.testng.FeatureWrapper)[pri:0, instance:com.TastyNibbles.TestRunner.RegistrationNG@7a1a14a4]" started-at="2025-03-24T09:08:35 IST" name="runScenario" description="Runs Cucumber Scenarios" data-provider="scenarios" finished-at="2025-03-24T09:09:00 IST" duration-ms="24454" status="PASS">
          <params>
            <param index="0">
              <value>
                <![CDATA["User Registration with Invalid Data"]]>
              </value>
            </param>
            <param index="1">
              <value>
                <![CDATA["User Registration"]]>
              </value>
            </param>
          </params>
          <reporter-output>
          </reporter-output>
        </test-method> <!-- runScenario -->
        <test-method signature="runScenario(io.cucumber.testng.PickleWrapper,io.cucumber.testng.FeatureWrapper)[pri:0, instance:com.TastyNibbles.TestRunner.RegistrationNG@7a1a14a4]" started-at="2025-03-24T09:09:00 IST" name="runScenario" description="Runs Cucumber Scenarios" data-provider="scenarios" finished-at="2025-03-24T09:09:23 IST" duration-ms="22852" status="PASS">
          <params>
            <param index="0">
              <value>
                <![CDATA["User Registration with Valid Data"]]>
              </value>
            </param>
            <param index="1">
              <value>
                <![CDATA["User Registration"]]>
              </value>
            </param>
          </params>
          <reporter-output>
          </reporter-output>
        </test-method> <!-- runScenario -->
        <test-method is-config="true" signature="tearDownClass()[pri:0, instance:com.TastyNibbles.TestRunner.RegistrationNG@7a1a14a4]" started-at="2025-03-24T09:09:23 IST" name="tearDownClass" finished-at="2025-03-24T09:09:23 IST" duration-ms="59" status="PASS">
          <reporter-output>
          </reporter-output>
        </test-method> <!-- tearDownClass -->
      </class> <!-- com.TastyNibbles.TestRunner.RegistrationNG -->
      <class name="com.TastyNibbles.TestRunner.SearchAddNG">
        <test-method is-config="true" signature="setUpClass(org.testng.ITestContext)[pri:0, instance:com.TastyNibbles.TestRunner.SearchAddNG@5d066c7d]" started-at="2025-03-24T09:09:23 IST" name="setUpClass" finished-at="2025-03-24T09:09:23 IST" duration-ms="38" status="PASS">
          <params>
            <param index="0">
              <value>
                <![CDATA[org.testng.TestRunner@55397d15]]>
              </value>
            </param>
          </params>
          <reporter-output>
          </reporter-output>
        </test-method> <!-- setUpClass -->
        <test-method signature="runScenario(io.cucumber.testng.PickleWrapper,io.cucumber.testng.FeatureWrapper)[pri:0, instance:com.TastyNibbles.TestRunner.SearchAddNG@5d066c7d]" started-at="2025-03-24T09:09:23 IST" name="runScenario" description="Runs Cucumber Scenarios" data-provider="scenarios" finished-at="2025-03-24T09:09:51 IST" duration-ms="28590" status="PASS">
          <params>
            <param index="0">
              <value>
                <![CDATA["User Login, Product Search, and Adding to Cart"]]>
              </value>
            </param>
            <param index="1">
              <value>
                <![CDATA["Actions"]]>
              </value>
            </param>
          </params>
          <reporter-output>
          </reporter-output>
        </test-method> <!-- runScenario -->
        <test-method is-config="true" signature="tearDownClass()[pri:0, instance:com.TastyNibbles.TestRunner.SearchAddNG@5d066c7d]" started-at="2025-03-24T09:09:51 IST" name="tearDownClass" finished-at="2025-03-24T09:09:51 IST" duration-ms="36" status="PASS">
          <reporter-output>
          </reporter-output>
        </test-method> <!-- tearDownClass -->
      </class> <!-- com.TastyNibbles.TestRunner.SearchAddNG -->
      <class name="com.TastyNibbles.TestRunner.LogoutNG">
        <test-method is-config="true" signature="setUpClass(org.testng.ITestContext)[pri:0, instance:com.TastyNibbles.TestRunner.LogoutNG@1e461e41]" started-at="2025-03-24T09:09:51 IST" name="setUpClass" finished-at="2025-03-24T09:09:51 IST" duration-ms="59" status="PASS">
          <params>
            <param index="0">
              <value>
                <![CDATA[org.testng.TestRunner@55397d15]]>
              </value>
            </param>
          </params>
          <reporter-output>
          </reporter-output>
        </test-method> <!-- setUpClass -->
        <test-method signature="runScenario(io.cucumber.testng.PickleWrapper,io.cucumber.testng.FeatureWrapper)[pri:0, instance:com.TastyNibbles.TestRunner.LogoutNG@1e461e41]" started-at="2025-03-24T09:09:51 IST" name="runScenario" description="Runs Cucumber Scenarios" data-provider="scenarios" finished-at="2025-03-24T09:10:15 IST" duration-ms="23961" status="PASS">
          <params>
            <param index="0">
              <value>
                <![CDATA["Successful Logout and Session Verification"]]>
              </value>
            </param>
            <param index="1">
              <value>
                <![CDATA["User LogOut"]]>
              </value>
            </param>
          </params>
          <reporter-output>
          </reporter-output>
        </test-method> <!-- runScenario -->
        <test-method is-config="true" signature="tearDownClass()[pri:0, instance:com.TastyNibbles.TestRunner.LogoutNG@1e461e41]" started-at="2025-03-24T09:10:15 IST" name="tearDownClass" finished-at="2025-03-24T09:10:15 IST" duration-ms="29" status="PASS">
          <reporter-output>
          </reporter-output>
        </test-method> <!-- tearDownClass -->
      </class> <!-- com.TastyNibbles.TestRunner.LogoutNG -->
      <class name="com.TastyNibbles.TestRunner.MultipleProductsToCartNG">
        <test-method is-config="true" signature="setUpClass(org.testng.ITestContext)[pri:0, instance:com.TastyNibbles.TestRunner.MultipleProductsToCartNG@56928307]" started-at="2025-03-24T09:10:51 IST" name="setUpClass" finished-at="2025-03-24T09:10:51 IST" duration-ms="19" status="PASS">
          <params>
            <param index="0">
              <value>
                <![CDATA[org.testng.TestRunner@55397d15]]>
              </value>
            </param>
          </params>
          <reporter-output>
          </reporter-output>
        </test-method> <!-- setUpClass -->
        <test-method signature="runScenario(io.cucumber.testng.PickleWrapper,io.cucumber.testng.FeatureWrapper)[pri:0, instance:com.TastyNibbles.TestRunner.MultipleProductsToCartNG@56928307]" started-at="2025-03-24T09:10:51 IST" name="runScenario" description="Runs Cucumber Scenarios" data-provider="scenarios" finished-at="2025-03-24T09:11:29 IST" duration-ms="37490" status="FAIL">
          <params>
            <param index="0">
              <value>
                <![CDATA["Adding Multiple Products to Cart & Validating Cart Summary"]]>
              </value>
            </param>
            <param index="1">
              <value>
                <![CDATA["Actions"]]>
              </value>
            </param>
          </params>
          <exception class="java.lang.AssertionError">
            <message>
              <![CDATA[The total price in the cart is incorrect. expected [30000.0] but found [15000.0]]]>
            </message>
            <full-stacktrace>
              <![CDATA[java.lang.AssertionError: The total price in the cart is incorrect. expected [30000.0] but found [15000.0]
at org.testng.Assert.fail(Assert.java:111)
at org.testng.Assert.failNotEquals(Assert.java:1578)
at org.testng.Assert.assertEquals(Assert.java:698)
at com.TastyNibbles.Pages.Page5.verifyTotalPrice(Page5.java:40)
at com.TastyNibbles.StepDefinition.MultipleProductsToCart.verify_that_the_correct_products_and_total_price_are_displayed_is(MultipleProductsToCart.java:13)
at âœ½.Verify that the correct products and total price are displayed is '30000.0'.(file:///C:/Users/pjaga/eclipse-workspace/TastyNibbles/src/test/resources/com.TastyNibbles.Feature/AddMultipleProductsToCart.feature:17)
]]>
            </full-stacktrace>
          </exception> <!-- java.lang.AssertionError -->
          <reporter-output>
          </reporter-output>
        </test-method> <!-- runScenario -->
        <test-method is-config="true" signature="tearDownClass()[pri:0, instance:com.TastyNibbles.TestRunner.MultipleProductsToCartNG@56928307]" started-at="2025-03-24T09:11:29 IST" name="tearDownClass" finished-at="2025-03-24T09:11:29 IST" duration-ms="32" status="PASS">
          <reporter-output>
          </reporter-output>
        </test-method> <!-- tearDownClass -->
      </class> <!-- com.TastyNibbles.TestRunner.MultipleProductsToCartNG -->
      <class name="com.TastyNibbles.TestRunner.ValidandInvalidLoginNG">
        <test-method is-config="true" signature="setUpClass(org.testng.ITestContext)[pri:0, instance:com.TastyNibbles.TestRunner.ValidandInvalidLoginNG@5ba88be8]" started-at="2025-03-24T09:10:15 IST" name="setUpClass" finished-at="2025-03-24T09:10:16 IST" duration-ms="31" status="PASS">
          <params>
            <param index="0">
              <value>
                <![CDATA[org.testng.TestRunner@55397d15]]>
              </value>
            </param>
          </params>
          <reporter-output>
          </reporter-output>
        </test-method> <!-- setUpClass -->
        <test-method signature="runScenario(io.cucumber.testng.PickleWrapper,io.cucumber.testng.FeatureWrapper)[pri:0, instance:com.TastyNibbles.TestRunner.ValidandInvalidLoginNG@5ba88be8]" started-at="2025-03-24T09:10:16 IST" name="runScenario" description="Runs Cucumber Scenarios" data-provider="scenarios" finished-at="2025-03-24T09:10:34 IST" duration-ms="18525" status="PASS">
          <params>
            <param index="0">
              <value>
                <![CDATA["User Login with Invalid Credentials"]]>
              </value>
            </param>
            <param index="1">
              <value>
                <![CDATA["User Login"]]>
              </value>
            </param>
          </params>
          <reporter-output>
          </reporter-output>
        </test-method> <!-- runScenario -->
        <test-method signature="runScenario(io.cucumber.testng.PickleWrapper,io.cucumber.testng.FeatureWrapper)[pri:0, instance:com.TastyNibbles.TestRunner.ValidandInvalidLoginNG@5ba88be8]" started-at="2025-03-24T09:10:34 IST" name="runScenario" description="Runs Cucumber Scenarios" data-provider="scenarios" finished-at="2025-03-24T09:10:51 IST" duration-ms="17161" status="PASS">
          <params>
            <param index="0">
              <value>
                <![CDATA["User Login with valid Credentials"]]>
              </value>
            </param>
            <param index="1">
              <value>
                <![CDATA["User Login"]]>
              </value>
            </param>
          </params>
          <reporter-output>
          </reporter-output>
        </test-method> <!-- runScenario -->
        <test-method is-config="true" signature="tearDownClass()[pri:0, instance:com.TastyNibbles.TestRunner.ValidandInvalidLoginNG@5ba88be8]" started-at="2025-03-24T09:10:51 IST" name="tearDownClass" finished-at="2025-03-24T09:10:51 IST" duration-ms="11" status="PASS">
          <reporter-output>
          </reporter-output>
        </test-method> <!-- tearDownClass -->
      </class> <!-- com.TastyNibbles.TestRunner.ValidandInvalidLoginNG -->
    </test> <!-- Test -->
  </suite> <!-- Suite -->
</testng-results>
