<?xml version="1.0" encoding="UTF-8"?>
<!-- Generated by org.testng.reporters.JUnitXMLReporter -->
<testsuite ignored="0" hostname="jagadeesh" failures="1" tests="7" name="Test" time="159.087" errors="0" timestamp="2025-03-22T14:35:23 IST">
  <testcase classname="io.cucumber.testng.AbstractTestNGCucumberTests" name="runScenario" time="17.799"/>
  <testcase classname="io.cucumber.testng.AbstractTestNGCucumberTests" name="runScenario" time="32.829"/>
  <testcase classname="io.cucumber.testng.AbstractTestNGCucumberTests" name="runScenario" time="25.151"/>
  <testcase classname="io.cucumber.testng.AbstractTestNGCucumberTests" name="runScenario" time="25.899"/>
  <testcase classname="io.cucumber.testng.AbstractTestNGCucumberTests" name="runScenario" time="14.721"/>
  <testcase classname="io.cucumber.testng.AbstractTestNGCucumberTests" name="runScenario" time="11.536"/>
  <testcase classname="io.cucumber.testng.AbstractTestNGCucumberTests" name="runScenario" time="30.35">
    <failure type="java.lang.AssertionError" message="The total price in the cart is incorrect. expected [30000.0] but found [15000.0]">
      <![CDATA[java.lang.AssertionError: The total price in the cart is incorrect. expected [30000.0] but found [15000.0]
at com.TastyNibbles.Pages.Page5.verifyTotalPrice(Page5.java:40)
at com.TastyNibbles.StepDefinition.MultipleProductsToCart.verify_that_the_correct_products_and_total_price_are_displayed_is(MultipleProductsToCart.java:13)
at ✽.Verify that the correct products and total price are displayed is '30000.0'.(file:///C:/Users/pjaga/eclipse-workspace/TastyNibbles/src/test/resources/com.TastyNibbles.Feature/AddMultipleProductsToCart.feature:18)
... Removed 3 stack frames]]>
    </failure>
  </testcase> <!-- runScenario -->
</testsuite> <!-- Test -->
